<?xml version="1.0" encoding="UTF-8"?>
<!-- Generated by org.testng.reporters.JUnitReportReporter -->
<testsuite hostname="TXCHD-LAP-121" failures="0" tests="1" name="test.test1.t" time="16.845" errors="0" timestamp="2021-10-07T12:12:23 IST" skipped="0">
  <testcase classname="test.test1.t" name="a" time="16.845"/>
  <system-out/>
</testsuite> <!-- test.test1.t -->
