<?xml version="1.0" encoding="UTF-8"?>
<!-- Generated by org.testng.reporters.JUnitReportReporter -->
<testsuite hostname="TXCHD-LAP-121" failures="0" tests="3" name="smoke.Add_customer" time="35.107" errors="0" timestamp="2021-10-07T20:34:50 IST" skipped="0">
  <testcase classname="smoke.Add_customer" name="addCustomer" time="9.469"/>
  <system-out/>
  <testcase classname="smoke.Add_customer" name="uploadFile" time="9.500"/>
  <system-out/>
  <testcase classname="smoke.Add_customer" name="createOrder" time="16.138"/>
  <system-out/>
</testsuite> <!-- smoke.Add_customer -->
